Case #1: 15 30
Case #2: 0 0
Case #3: 81 567
Case #4: 181 253
Case #5: 0 0
Case #6: 500 500
Case #7: 100 900
Case #8: 67 252
Case #9: 51 259
Case #10: 65 342
Case #11: 102 42
Case #12: 113 552
Case #13: 140 161
Case #14: 132 249
Case #15: 132 313
Case #16: 167 299
Case #17: 102 254
Case #18: 132 472
Case #19: 186 422
Case #20: 105 322
Case #21: 137 452
Case #22: 119 169
Case #23: 60 337
Case #24: 115 233
Case #25: 102 558
Case #26: 119 273
Case #27: 136 383
Case #28: 115 665
Case #29: 161 36
Case #30: 188 456
Case #31: 156 230
Case #32: 92 243
Case #33: 68 419
Case #34: 126 304
Case #35: 208 243
Case #36: 198 269
Case #37: 184 226
Case #38: 79 590
Case #39: 118 429
Case #40: 131 355
Case #41: 171 202
Case #42: 185 436
Case #43: 191 18
Case #44: 163 204
Case #45: 252 72
Case #46: 116 327
Case #47: 142 127
Case #48: 216 378
Case #49: 127 532
Case #50: 89 482
Case #51: 177 248
Case #52: 210 544
Case #53: 169 144
Case #54: 105 410
Case #55: 132 207
Case #56: 154 18
Case #57: 81 505
Case #58: 127 126
Case #59: 188 488
Case #60: 173 469
Case #61: 203 27
Case #62: 207 128
Case #63: 121 497
Case #64: 110 467
Case #65: 190 383
Case #66: 180 542
Case #67: 146 507
Case #68: 112 504
Case #69: 206 427
Case #70: 137 642
Case #71: 80 276
Case #72: 96 240
Case #73: 95 529
Case #74: 214 165
Case #75: 87 230
Case #76: 123 515
Case #77: 87 375
Case #78: 180 0
Case #79: 132 153
Case #80: 72 45
Case #81: 169 289
Case #82: 137 437
Case #83: 80 262
Case #84: 176 536
Case #85: 182 383
Case #86: 162 0
Case #87: 159 259
Case #88: 142 280
Case #89: 85 226
Case #90: 175 131
Case #91: 149 530
Case #92: 130 126
Case #93: 183 541
Case #94: 133 343
Case #95: 163 189
Case #96: 169 355
Case #97: 162 312
Case #98: 194 420
Case #99: 81 54
Case #100: 118 129
